{
  "stats": {
    "suites": 1,
    "tests": 4,
    "passes": 4,
    "pending": 0,
    "failures": 0,
    "start": "2020-05-12T19:44:32.644Z",
    "end": "2020-05-12T19:44:40.617Z",
    "duration": 7973,
    "testsRegistered": 4,
    "passPercent": 100,
    "pendingPercent": 0,
    "other": 0,
    "hasOther": false,
    "skipped": 0,
    "hasSkipped": false
  },
  "results": [
    {
      "uuid": "bf3242b4-f6c7-4220-8d73-46fb49db6e4b",
      "title": "",
      "fullFile": "",
      "file": "",
      "beforeHooks": [],
      "afterHooks": [],
      "tests": [],
      "suites": [
        {
          "uuid": "fc7e6d49-c679-4dd7-a8d8-7c483f0ac5cc",
          "title": "Log in Page",
          "fullFile": "/Users/JDure/Documents/code/ESDC/Selenium/OdooSecurityTooling/testing/test/homePage.test.js",
          "file": "/test/homePage.test.js",
          "beforeHooks": [
            {
              "title": "\"before all\" hook",
              "fullTitle": "Log in Page \"before all\" hook",
              "timedOut": false,
              "duration": 2809,
              "state": null,
              "speed": null,
              "pass": false,
              "fail": false,
              "pending": false,
              "context": null,
              "code": "page = new Page();\ndriver = page.driver;\nawait page.visit('localhost:8069/');",
              "err": {},
              "uuid": "22a92f2f-b706-4499-8df9-016480ea167c",
              "parentUUID": "fc7e6d49-c679-4dd7-a8d8-7c483f0ac5cc",
              "isHook": true,
              "skipped": false
            }
          ],
          "afterHooks": [],
          "tests": [
            {
              "title": "find the input box and log in button",
              "fullTitle": "Log in Page find the input box and log in button",
              "timedOut": false,
              "duration": 70,
              "state": "passed",
              "speed": "medium",
              "pass": true,
              "fail": false,
              "pending": false,
              "context": null,
              "code": "await page.findInputAndButton();",
              "err": {},
              "uuid": "70a2184b-f82e-4e33-b4a3-b2e06ecd5cd4",
              "parentUUID": "fc7e6d49-c679-4dd7-a8d8-7c483f0ac5cc",
              "isHook": false,
              "skipped": false
            },
            {
              "title": "add username, password and click login button",
              "fullTitle": "Log in Page add username, password and click login button",
              "timedOut": false,
              "duration": 1589,
              "state": "passed",
              "speed": "slow",
              "pass": true,
              "fail": false,
              "pending": false,
              "context": null,
              "code": "await page.submitBtnAndLogIn();",
              "err": {},
              "uuid": "9bfa7e85-27d4-40f5-92d3-86b477d049cd",
              "parentUUID": "fc7e6d49-c679-4dd7-a8d8-7c483f0ac5cc",
              "isHook": false,
              "skipped": false
            },
            {
              "title": "navigate to the employee page",
              "fullTitle": "Log in Page navigate to the employee page",
              "timedOut": false,
              "duration": 641,
              "state": "passed",
              "speed": "slow",
              "pass": true,
              "fail": false,
              "pending": false,
              "context": null,
              "code": "await page.navigateEmployeePage();",
              "err": {},
              "uuid": "44bc8945-8da9-4428-98d4-9b168c8827c8",
              "parentUUID": "fc7e6d49-c679-4dd7-a8d8-7c483f0ac5cc",
              "isHook": false,
              "skipped": false
            },
            {
              "title": "edit employee",
              "fullTitle": "Log in Page edit employee",
              "timedOut": false,
              "duration": 2833,
              "state": "passed",
              "speed": "slow",
              "pass": true,
              "fail": false,
              "pending": false,
              "context": null,
              "code": "await page.editEmployee();",
              "err": {},
              "uuid": "d55a76ad-7e40-4be5-86df-30fbbe9384e4",
              "parentUUID": "fc7e6d49-c679-4dd7-a8d8-7c483f0ac5cc",
              "isHook": false,
              "skipped": false
            }
          ],
          "suites": [],
          "passes": [
            "70a2184b-f82e-4e33-b4a3-b2e06ecd5cd4",
            "9bfa7e85-27d4-40f5-92d3-86b477d049cd",
            "44bc8945-8da9-4428-98d4-9b168c8827c8",
            "d55a76ad-7e40-4be5-86df-30fbbe9384e4"
          ],
          "failures": [],
          "pending": [],
          "skipped": [],
          "duration": 5133,
          "root": false,
          "rootEmpty": false,
          "_timeout": 50000
        }
      ],
      "passes": [],
      "failures": [],
      "pending": [],
      "skipped": [],
      "duration": 0,
      "root": true,
      "rootEmpty": true,
      "_timeout": 2000
    }
  ],
  "meta": {
    "mocha": {
      "version": "7.1.2"
    },
    "mochawesome": {
      "options": {
        "quiet": false,
        "reportFilename": "mochawesome",
        "saveHtml": true,
        "saveJson": true,
        "consoleReporter": "spec",
        "useInlineDiffs": false,
        "code": true
      },
      "version": "6.1.1"
    },
    "marge": {
      "options": {
        "autoOpen": "true"
      },
      "version": "5.1.0"
    }
  }
}