{
  "stats": {
    "suites": 1,
    "tests": 2,
    "passes": 2,
    "pending": 0,
    "failures": 0,
    "start": "2020-05-08T13:59:24.519Z",
    "end": "2020-05-08T13:59:31.266Z",
    "duration": 6747,
    "testsRegistered": 2,
    "passPercent": 100,
    "pendingPercent": 0,
    "other": 0,
    "hasOther": false,
    "skipped": 0,
    "hasSkipped": false
  },
  "results": [
    {
      "uuid": "62d939f0-ee6a-4ae9-aae4-d76632d9cfab",
      "title": "",
      "fullFile": "",
      "file": "",
      "beforeHooks": [],
      "afterHooks": [],
      "tests": [],
      "suites": [
        {
          "uuid": "f9c7ea8d-9c21-4cd7-a02d-92b97f8c0c45",
          "title": "Log in Page",
          "fullFile": "/Users/JDure/Documents/code/ESDC/Selenium/myTestSelenium/test/homePage.test.js",
          "file": "/test/homePage.test.js",
          "beforeHooks": [
            {
              "title": "\"before each\" hook",
              "fullTitle": "Log in Page \"before each\" hook",
              "timedOut": false,
              "duration": 2377,
              "state": null,
              "speed": null,
              "pass": false,
              "fail": false,
              "pending": false,
              "context": null,
              "code": "page = new Page();\ndriver = page.driver;\nawait page.visit('localhost:8069/web/login');",
              "err": {},
              "uuid": "3a2283cf-284a-4e13-ab8b-a85b02be2ab7",
              "parentUUID": "f9c7ea8d-9c21-4cd7-a02d-92b97f8c0c45",
              "isHook": true,
              "skipped": false
            }
          ],
          "afterHooks": [],
          "tests": [
            {
              "title": "find the input box and log in button",
              "fullTitle": "Log in Page find the input box and log in button",
              "timedOut": false,
              "duration": 51,
              "state": "passed",
              "speed": "medium",
              "pass": true,
              "fail": false,
              "pending": false,
              "context": null,
              "code": "const result = await page.findInputAndButton();\nconsole.log(result);",
              "err": {},
              "uuid": "3a73427d-2db6-45e3-a93f-b7a406166eb4",
              "parentUUID": "f9c7ea8d-9c21-4cd7-a02d-92b97f8c0c45",
              "isHook": false,
              "skipped": false
            },
            {
              "title": "add username, password and click login button",
              "fullTitle": "Log in Page add username, password and click login button",
              "timedOut": false,
              "duration": 1689,
              "state": "passed",
              "speed": "slow",
              "pass": true,
              "fail": false,
              "pending": false,
              "context": null,
              "code": "const result2 = await page.submitBtnAndLogIn();\nconsole.log(result2);",
              "err": {},
              "uuid": "33639ae0-3314-4ff4-a2f0-5910a848acb0",
              "parentUUID": "f9c7ea8d-9c21-4cd7-a02d-92b97f8c0c45",
              "isHook": false,
              "skipped": false
            }
          ],
          "suites": [],
          "passes": [
            "3a73427d-2db6-45e3-a93f-b7a406166eb4",
            "33639ae0-3314-4ff4-a2f0-5910a848acb0"
          ],
          "failures": [],
          "pending": [],
          "skipped": [],
          "duration": 1740,
          "root": false,
          "rootEmpty": false,
          "_timeout": 50000
        }
      ],
      "passes": [],
      "failures": [],
      "pending": [],
      "skipped": [],
      "duration": 0,
      "root": true,
      "rootEmpty": true,
      "_timeout": 2000
    }
  ],
  "meta": {
    "mocha": {
      "version": "7.1.2"
    },
    "mochawesome": {
      "options": {
        "quiet": false,
        "reportFilename": "mochawesome",
        "saveHtml": true,
        "saveJson": true,
        "consoleReporter": "spec",
        "useInlineDiffs": false,
        "code": true
      },
      "version": "6.1.1"
    },
    "marge": {
      "options": {
        "autoOpen": "true"
      },
      "version": "5.1.0"
    }
  }
}